<?xml version="1.0" encoding="UTF-8"?>
<!-- Generated by org.testng.reporters.JUnitXMLReporter -->
<testsuite ignored="0" hostname="Natasha" failures="2" tests="2" name="Default test(failed)(failed)" time="22.223" errors="0" timestamp="2025-10-14T13:12:33 SAST">
  <testcase classname="TS_04.TC_08" name="profileFunctionalityCorrectDisplay" time="2.69">
    <failure type="java.lang.AssertionError" message="The following asserts failed:
	Text &amp;apos;John Doe&amp;apos; not found on page! expected [true] but found [false]">
      <![CDATA[java.lang.AssertionError: The following asserts failed:
Text 'John Doe' not found on page! expected [true] but found [false]
at TS_04.TC_08.profileFunctionalityCorrectDisplay(TC_08.java:59)
at java.base/java.util.ArrayList.forEach(ArrayList.java:1511)
... Removed 29 stack frames]]>
    </failure>
  </testcase> <!-- profileFunctionalityCorrectDisplay -->
  <testcase classname="TS_03.TC_07" name="historyFunctionalityWithPriorBookings" time="3.558">
    <failure type="java.lang.AssertionError" message="Text not found on the page! expected [true] but found [false]">
      <![CDATA[java.lang.AssertionError: Text not found on the page! expected [true] but found [false]
at TS_03.TC_07.historyFunctionalityWithPriorBookings(TC_07.java:70)
at java.base/java.util.ArrayList.forEach(ArrayList.java:1511)
... Removed 30 stack frames]]>
    </failure>
  </testcase> <!-- historyFunctionalityWithPriorBookings -->
</testsuite> <!-- Default test(failed)(failed) -->
