<?xml version="1.0" encoding="UTF-8"?>
<testng-results ignored="0" total="1" passed="1" failed="0" skipped="0">
  <reporter-output>
  </reporter-output>
  <suite started-at="2025-07-07T15:16:43 SAST" name="Default suite" finished-at="2025-07-07T15:17:01 SAST" duration-ms="18279">
    <groups>
    </groups>
    <test started-at="2025-07-07T15:16:43 SAST" name="Default test" finished-at="2025-07-07T15:17:01 SAST" duration-ms="18279">
      <class name="website1.TS_Register.TC_RF_001">
        <test-method signature="verifyRegisteringWithMandatoryFields()[pri:0, instance:website1.TS_Register.TC_RF_001@368247b9]" started-at="2025-07-07T15:16:43 SAST" name="verifyRegisteringWithMandatoryFields" finished-at="2025-07-07T15:17:01 SAST" duration-ms="18240" status="PASS">
          <reporter-output>
          </reporter-output>
        </test-method> <!-- verifyRegisteringWithMandatoryFields -->
      </class> <!-- website1.TS_Register.TC_RF_001 -->
    </test> <!-- Default test -->
  </suite> <!-- Default suite -->
</testng-results>
