<?xml version="1.0" encoding="UTF-8"?>
<!-- Generated by org.testng.reporters.JUnitXMLReporter -->
<testsuite ignored="0" hostname="Natasha" failures="2" tests="3" name="Default test(failed)" time="28.091" errors="0" timestamp="2025-10-14T13:10:56 SAST">
  <testcase classname="TS_04.TC_08" name="profileFunctionalityCorrectDisplay" time="2.143">
    <failure type="java.lang.AssertionError" message="The following asserts failed:
	Text &amp;apos;John Doe&amp;apos; not found on page! expected [true] but found [false]">
      <![CDATA[java.lang.AssertionError: The following asserts failed:
Text 'John Doe' not found on page! expected [true] but found [false]
at TS_04.TC_08.profileFunctionalityCorrectDisplay(TC_08.java:59)
at java.base/java.util.ArrayList.forEach(ArrayList.java:1511)
... Removed 29 stack frames]]>
    </failure>
  </testcase> <!-- profileFunctionalityCorrectDisplay -->
  <testcase classname="TS_03.TC_07" name="historyFunctionalityWithPriorBookings" time="4.421">
    <failure type="org.openqa.selenium.ElementClickInterceptedException" message="element click intercepted: Element is not clickable at point (1645, 115)
  (Session info: chrome=140.0.7339.208)
Build info: version: &amp;apos;4.32.0&amp;apos;, revision: &amp;apos;d17c8aa950&amp;apos;
System info: os.name: &amp;apos;Windows 11&amp;apos;, os.arch: &amp;apos;amd64&amp;apos;, os.version: &amp;apos;10.0&amp;apos;, java.version: &amp;apos;17.0.9&amp;apos;
Driver info: org.openqa.selenium.chrome.ChromeDriver
Command: [f74eba1b2b2a72b8f9f27a3abfa38590, clickElement {id=f.9244610C0698FA4D9893DEF0AE526CE7.d.0AEAF53E58371024A8A33533197D873B.e.98}]
Capabilities {acceptInsecureCerts: false, browserName: chrome, browserVersion: 140.0.7339.208, chrome: {chromedriverVersion: 140.0.7339.207 (17230b545fd..., userDataDir: C:\Users\mabai\AppData\Loca...}, fedcm:accounts: true, goog:chromeOptions: {debuggerAddress: localhost:51124}, networkConnectionEnabled: false, pageLoadStrategy: normal, platformName: windows, proxy: Proxy(), se:cdp: ws://localhost:51124/devtoo..., se:cdpVersion: 140.0.7339.208, setWindowRect: true, strictFileInteractability: false, timeouts: {implicit: 0, pageLoad: 300000, script: 30000}, unhandledPromptBehavior: dismiss and notify, webauthn:extension:credBlob: true, webauthn:extension:largeBlob: true, webauthn:extension:minPinLength: true, webauthn:extension:prf: true, webauthn:virtualAuthenticators: true}
Element: [[ChromeDriver: chrome on windows (f74eba1b2b2a72b8f9f27a3abfa38590)] -&amp;gt; xpath: //*[@id=&amp;quot;sidebar-wrapper&amp;quot;]/ul/li[3]/a]
Session ID: f74eba1b2b2a72b8f9f27a3abfa38590">
      <![CDATA[org.openqa.selenium.ElementClickInterceptedException: element click intercepted: Element is not clickable at point (1645, 115)
  (Session info: chrome=140.0.7339.208)
Build info: version: '4.32.0', revision: 'd17c8aa950'
System info: os.name: 'Windows 11', os.arch: 'amd64', os.version: '10.0', java.version: '17.0.9'
Driver info: org.openqa.selenium.chrome.ChromeDriver
Command: [f74eba1b2b2a72b8f9f27a3abfa38590, clickElement {id=f.9244610C0698FA4D9893DEF0AE526CE7.d.0AEAF53E58371024A8A33533197D873B.e.98}]
Capabilities {acceptInsecureCerts: false, browserName: chrome, browserVersion: 140.0.7339.208, chrome: {chromedriverVersion: 140.0.7339.207 (17230b545fd..., userDataDir: C:\Users\mabai\AppData\Loca...}, fedcm:accounts: true, goog:chromeOptions: {debuggerAddress: localhost:51124}, networkConnectionEnabled: false, pageLoadStrategy: normal, platformName: windows, proxy: Proxy(), se:cdp: ws://localhost:51124/devtoo..., se:cdpVersion: 140.0.7339.208, setWindowRect: true, strictFileInteractability: false, timeouts: {implicit: 0, pageLoad: 300000, script: 30000}, unhandledPromptBehavior: dismiss and notify, webauthn:extension:credBlob: true, webauthn:extension:largeBlob: true, webauthn:extension:minPinLength: true, webauthn:extension:prf: true, webauthn:virtualAuthenticators: true}
Element: [[ChromeDriver: chrome on windows (f74eba1b2b2a72b8f9f27a3abfa38590)] -> xpath: //*[@id="sidebar-wrapper"]/ul/li[3]/a]
Session ID: f74eba1b2b2a72b8f9f27a3abfa38590
at org.openqa.selenium.remote.ErrorCodec.decode(ErrorCodec.java:167)
at org.openqa.selenium.remote.codec.w3c.W3CHttpResponseCodec.decode(W3CHttpResponseCodec.java:138)
at org.openqa.selenium.remote.codec.w3c.W3CHttpResponseCodec.decode(W3CHttpResponseCodec.java:50)
at org.openqa.selenium.remote.HttpCommandExecutor.execute(HttpCommandExecutor.java:215)
at org.openqa.selenium.remote.service.DriverCommandExecutor.invokeExecute(DriverCommandExecutor.java:216)
at org.openqa.selenium.remote.service.DriverCommandExecutor.execute(DriverCommandExecutor.java:174)
at org.openqa.selenium.remote.RemoteWebDriver.execute(RemoteWebDriver.java:545)
at org.openqa.selenium.remote.RemoteWebElement.execute(RemoteWebElement.java:223)
at org.openqa.selenium.remote.RemoteWebElement.click(RemoteWebElement.java:76)
at HelperMethods.preConditions.navigate(preConditions.java:125)
at TS_03.TC_07.historyFunctionalityWithPriorBookings(TC_07.java:53)
at java.base/java.util.ArrayList.forEach(ArrayList.java:1511)
... Removed 32 stack frames]]>
    </failure>
  </testcase> <!-- historyFunctionalityWithPriorBookings -->
  <testcase classname="TS_01.TC_02" name="LoginValidation" time="7.756"/>
</testsuite> <!-- Default test(failed) -->
